#
# A fatal error has been detected by the Java Runtime Environment:
#
#  Internal Error (classFileParser.cpp:3494), pid=9496, tid=8648
#  Error: ShouldNotReachHere()
#
# JRE version: 6.0_35-b10
# Java VM: Java HotSpot(TM) Client VM (20.10-b01 mixed mode windows-x86 )
# If you would like to submit a bug report, please visit:
#   http://java.sun.com/webapps/bugreport/crash.jsp
#

---------------  T H R E A D  ---------------

Current thread (0x011e9c00):  JavaThread "Unknown thread" [_thread_in_vm, id=8648, stack(0x00340000,0x00390000)]

Stack: [0x00340000,0x00390000],  sp=0x0038f86c,  free space=318k
Native frames: (J=compiled Java code, j=interpreted, Vv=VM code, C=native code)
V  [jvm.dll+0x133d0a]
V  [jvm.dll+0x12e9bb]
V  [jvm.dll+0x1648e]
V  [jvm.dll+0x17ccf]
V  [jvm.dll+0x26d75]
V  [jvm.dll+0x275b6]
V  [jvm.dll+0x27965]
V  [jvm.dll+0x279f9]
V  [jvm.dll+0x27abc]
V  [jvm.dll+0x27b3a]
V  [jvm.dll+0x27c1d]
V  [jvm.dll+0x27ee9]
V  [jvm.dll+0x6c5e3]
V  [jvm.dll+0x6c9bc]
V  [jvm.dll+0xf9f6c]
V  [jvm.dll+0x1188ab]
V  [jvm.dll+0x9ec70]
C  [javaw.exe+0x1657]
C  [javaw.exe+0x1e2c]
C  [javaw.exe+0x8614]
C  [kernel32.dll+0x4ed6c]  BaseThreadInitThunk+0x12
C  [ntdll.dll+0x6377b]  RtlInitializeExceptionChain+0xef
C  [ntdll.dll+0x6374e]  RtlInitializeExceptionChain+0xc2


---------------  P R O C E S S  ---------------

Java Threads: ( => current thread )

Other Threads:

=>0x011e9c00 (exited) JavaThread "Unknown thread" [_thread_in_vm, id=8648, stack(0x00340000,0x00390000)]

VM state:not at safepoint (not fully initialized)

VM Mutex/Monitor currently owned by a thread: None

Dynamic libraries:
0x00400000 - 0x00425000 	C:\Program Files\Java\jre6\bin\javaw.exe
0x772b0000 - 0x773ec000 	C:\Windows\SYSTEM32\ntdll.dll
0x75f70000 - 0x76044000 	C:\Windows\system32\kernel32.dll
0x754c0000 - 0x7550b000 	C:\Windows\system32\KERNELBASE.dll
0x75750000 - 0x757f0000 	C:\Windows\system32\ADVAPI32.dll
0x75880000 - 0x7592c000 	C:\Windows\system32\msvcrt.dll
0x773f0000 - 0x77409000 	C:\Windows\SYSTEM32\sechost.dll
0x75ec0000 - 0x75f61000 	C:\Windows\system32\RPCRT4.dll
0x75970000 - 0x75a39000 	C:\Windows\system32\USER32.dll
0x760b0000 - 0x760fe000 	C:\Windows\system32\GDI32.dll
0x77410000 - 0x7741a000 	C:\Windows\system32\LPK.dll
0x77070000 - 0x7710d000 	C:\Windows\system32\USP10.dll
0x75ce0000 - 0x75cff000 	C:\Windows\system32\IMM32.DLL
0x76350000 - 0x7641c000 	C:\Windows\system32\MSCTF.dll
0x7c340000 - 0x7c396000 	C:\Program Files\Java\jre6\bin\msvcr71.dll
0x6d7f0000 - 0x6da9f000 	C:\Program Files\Java\jre6\bin\client\jvm.dll
0x73340000 - 0x73372000 	C:\Windows\system32\WINMM.dll
0x75370000 - 0x753bc000 	C:\Windows\system32\apphelp.dll
0x6d7a0000 - 0x6d7ac000 	C:\Program Files\Java\jre6\bin\verify.dll
0x6d320000 - 0x6d33f000 	C:\Program Files\Java\jre6\bin\java.dll
0x6d7e0000 - 0x6d7ef000 	C:\Program Files\Java\jre6\bin\zip.dll
0x75cd0000 - 0x75cd5000 	C:\Windows\system32\PSAPI.DLL

VM Arguments:
jvm_args: -Dfile.encoding=UTF-8 -Xbootclasspath:D:\Program Files\Android\android-sdk-windows\platforms\android-8\android.jar 
java_command: cn.cnnic.android.whois.utils.PunycodeUtil
Launcher Type: SUN_STANDARD

Environment Variables:
JAVA_HOME=C:\Program Files\Java\jdk1.6.0_35
PATH=C:/Program Files/Java/jre6/bin/client;C:/Program Files/Java/jre6/bin;C:/Program Files/Java/jre6/lib/i386;C:\Program Files\Common Files\Microsoft Shared\Windows Live;C:\Windows\system32;C:\Windows;C:\Windows\System32\Wbem;C:\Windows\System32\WindowsPowerShell\v1.0\;C:\Program Files\Intel\WiFi\bin\;C:\Program Files\Common Files\Intel\WirelessCommon\;C:\Program Files\ThinkPad\Bluetooth Software\;C:\Program Files\Broadcom\WHL\;C:\Program Files\Intel\Services\IPT\;C:\Program Files\Common Files\Ulead Systems\MPEG;C:\Program Files\Common Files\Lenovo;C:\Program Files\Windows Live\Shared;C:\SWTOOLS\ReadyApps;C:\Program Files\Symantec\VIP Access Client\;D:\Oracle9iClient\ora92\bin\;C:\Program Files\Java\jdk1.6.0_35\bin;C:\Program Files\TortoiseSVN\bin;D:\Program Files\SSH Communications Security\SSH Secure Shell;D:\Program Files\TortoiseSVN\bin;D:\software\eclipse-jee-juno-win32\eclipse;
USERNAME=user
OS=Windows_NT
PROCESSOR_IDENTIFIER=x86 Family 6 Model 42 Stepping 7, GenuineIntel



---------------  S Y S T E M  ---------------

OS: Windows 7 Build 7601 Service Pack 1

CPU:total 4 (2 cores per cpu, 2 threads per core) family 6 model 42 stepping 7, cmov, cx8, fxsr, mmx, sse, sse2, sse3, ssse3, sse4.1, sse4.2, popcnt, ht

Memory: 4k page, physical 3576048k(1210420k free), swap 7150344k(3679124k free)

vm_info: Java HotSpot(TM) Client VM (20.10-b01) for windows-x86 JRE (1.6.0_35-b10), built on Aug 28 2012 17:31:51 by "java_re" with MS VC++ 7.1 (VS2003)

time: Thu Dec 13 13:53:49 2012
elapsed time: 0 seconds

